<?xml version="1.0" encoding="UTF-8"?>
<!-- Generated by org.testng.reporters.JUnitXMLReporter -->
<testsuite ignored="0" hostname="DESKTOP-9L4BQP1" failures="0" tests="3" name="Test" time="17.942" errors="0" timestamp="31 Mar 2020 18:09:59 GMT">
  <testcase classname="QAPractice.MavenNewProject.Practice2" name="abc" time="0.017"/>
  <testcase classname="QAPractice.MavenNewProject.Practice2" name="abd" time="0.004"/>
  <testcase classname="QAPractice.MavenNewProject.Practice" name="URL" time="17.87"/>
</testsuite> <!-- Test -->
