<?xml version="1.0" encoding="UTF-8"?>
<!-- Generated by org.testng.reporters.JUnitXMLReporter -->
<testsuite ignored="0" hostname="DESKTOP-9L4BQP1" failures="0" tests="4" name="Command line test" time="37.092" errors="0" timestamp="2020-04-05T19:35:39 IST">
  <testcase classname="QAPractice.MavenNewProject.AmazonTest" name="URLNEW" time="24.77"/>
  <testcase classname="QAPractice.MavenNewProject.PracticeTest" name="abc" time="0.001"/>
  <testcase classname="QAPractice.MavenNewProject.PracticeTest" name="abd" time="0.001"/>
  <testcase classname="QAPractice.MavenNewProject.SeleniumTest" name="URL" time="12.24"/>
</testsuite> <!-- Command line test -->
