<?xml version="1.0" encoding="UTF-8"?>
<!-- Generated by org.testng.reporters.JUnitXMLReporter -->
<testsuite ignored="0" hostname="DESKTOP-9L4BQP1" failures="0" tests="4" name="Test" time="18.287" errors="0" timestamp="2020-04-04T00:30:48 IST">
  <testcase classname="QAPractice.MavenNewProject.PracticeTest" name="abc" time="0.004"/>
  <testcase classname="QAPractice.MavenNewProject.PracticeTest" name="abd" time="0.0"/>
  <testcase classname="QAPractice.MavenNewProject.SeleniumTest" name="URL" time="10.416"/>
  <testcase classname="QAPractice.MavenNewProject.AmazonTest" name="URLNEW" time="7.808"/>
</testsuite> <!-- Test -->
